<?xml version="1.0" encoding="UTF-8"?>
<testsuite name="com.github.gustajz.kafka.config.provider.KubernetesSecretConfigProviderTest" tests="6" skipped="0" failures="0" errors="0" timestamp="2021-08-19T16:39:20" hostname="ip-192-168-1-142.sa-east-1.compute.internal" time="0.392">
  <properties/>
  <testcase name="testEmptyPathWithKey()" classname="com.github.gustajz.kafka.config.provider.KubernetesSecretConfigProviderTest" time="0.029"/>
  <testcase name="testNullPath()" classname="com.github.gustajz.kafka.config.provider.KubernetesSecretConfigProviderTest" time="0.006"/>
  <testcase name="testEmptyPath()" classname="com.github.gustajz.kafka.config.provider.KubernetesSecretConfigProviderTest" time="0.02"/>
  <testcase name="testNullPathWithKey()" classname="com.github.gustajz.kafka.config.provider.KubernetesSecretConfigProviderTest" time="0.011"/>
  <testcase name="testGetAllKeys()" classname="com.github.gustajz.kafka.config.provider.KubernetesSecretConfigProviderTest" time="0.281"/>
  <testcase name="testGetOneKey()" classname="com.github.gustajz.kafka.config.provider.KubernetesSecretConfigProviderTest" time="0.04"/>
  <system-out><![CDATA[EnvironmentVariableExtension: This extension uses reflection to mutate JDK-internal state, which is fragile. Check the Javadoc or documentation for more details.
]]></system-out>
  <system-err><![CDATA[SLF4J: Failed to load class "org.slf4j.impl.StaticLoggerBinder".
SLF4J: Defaulting to no-operation (NOP) logger implementation
SLF4J: See http://www.slf4j.org/codes.html#StaticLoggerBinder for further details.
]]></system-err>
</testsuite>
